This file contains any messages produced by compilers while
running configure, to aid debugging if configure makes a mistake.

It was created by Portable C Compiler configure 1.2.0.DEVEL, which was
generated by GNU Autoconf 2.71.  Invocation command line was

  $ ./configure

## --------- ##
## Platform. ##
## --------- ##

hostname = fedora
uname -m = x86_64
uname -r = 6.14.0-0.rc7.20250321gitb3ee1e460951.60.fc43.x86_64
uname -s = Linux
uname -v = #1 SMP PREEMPT_DYNAMIC Fri Mar 21 17:27:07 UTC 2025

/usr/bin/uname -p = unknown
/bin/uname -X     = unknown

/bin/arch              = x86_64
/usr/bin/arch -k       = unknown
/usr/convex/getsysinfo = unknown
/usr/bin/hostinfo      = unknown
/bin/machine           = unknown
/usr/bin/oslevel       = unknown
/bin/universe          = unknown

PATH: /usr/local/sbin/
PATH: /usr/local/bin/
PATH: /usr/sbin/
PATH: /usr/bin/


## ----------- ##
## Core tests. ##
## ----------- ##

configure:2597: looking for aux files: install-sh config.guess config.sub
configure:2610:  trying ./
configure:2621:   ./install-sh found
configure:2639:   ./config.guess found
configure:2639:   ./config.sub found
configure:2760: checking build system type
configure:2775: result: x86_64-pc-linux-gnu
configure:2795: checking host system type
configure:2809: result: x86_64-pc-linux-gnu
configure:2829: checking target system type
configure:2843: result: x86_64-pc-linux-gnu
configure:3589: checking for gcc
configure:3610: found /usr/bin/gcc
configure:3621: result: gcc
configure:3974: checking for C compiler version
configure:3983: gcc --version >&5
gcc (GCC) 15.0.1 20250313 (Red Hat 15.0.1-0)
Copyright (C) 2025 Free Software Foundation, Inc.
This is free software; see the source for copying conditions.  There is NO
warranty; not even for MERCHANTABILITY or FITNESS FOR A PARTICULAR PURPOSE.

configure:3994: $? = 0
configure:3983: gcc -v >&5
Using built-in specs.
COLLECT_GCC=gcc
COLLECT_LTO_WRAPPER=/usr/libexec/gcc/x86_64-redhat-linux/15/lto-wrapper
OFFLOAD_TARGET_NAMES=nvptx-none:amdgcn-amdhsa
OFFLOAD_TARGET_DEFAULT=1
Target: x86_64-redhat-linux
Configured with: ../configure --enable-bootstrap --enable-languages=c,c++,fortran,objc,obj-c++,ada,go,d,m2,lto --prefix=/usr --mandir=/usr/share/man --infodir=/usr/share/info --with-bugurl=http://bugzilla.redhat.com/bugzilla --enable-shared --enable-threads=posix --enable-checking=release --enable-multilib --with-system-zlib --enable-__cxa_atexit --disable-libunwind-exceptions --enable-gnu-unique-object --enable-linker-build-id --with-gcc-major-version-only --enable-libstdcxx-backtrace --with-libstdcxx-zoneinfo=/usr/share/zoneinfo --with-linker-hash-style=gnu --enable-plugin --enable-initfini-array --with-isl=/builddir/build/BUILD/gcc-15.0.1-build/gcc-15.0.1-20250313/obj-x86_64-redhat-linux/isl-install --enable-offload-targets=nvptx-none,amdgcn-amdhsa --enable-offload-defaulted --without-cuda-driver --enable-gnu-indirect-function --enable-cet --with-tune=generic --with-arch_32=i686 --build=x86_64-redhat-linux --with-build-config=bootstrap-lto --enable-link-serialization=1
Thread model: posix
Supported LTO compression algorithms: zlib zstd
gcc version 15.0.1 20250313 (Red Hat 15.0.1-0) (GCC) 
... rest of stderr output deleted ...
configure:3994: $? = 0
configure:3983: gcc -V >&5
gcc: error: unrecognized command-line option '-V'
gcc: fatal error: no input files
compilation terminated.
configure:3994: $? = 1
configure:3983: gcc -qversion >&5
gcc: error: unrecognized command-line option '-qversion'; did you mean '--version'?
gcc: fatal error: no input files
compilation terminated.
configure:3994: $? = 1
configure:3983: gcc -version >&5
gcc: error: unrecognized command-line option '-version'
gcc: fatal error: no input files
compilation terminated.
configure:3994: $? = 1
configure:4014: checking whether the C compiler works
configure:4036: gcc    conftest.c  >&5
configure:4040: $? = 0
configure:4090: result: yes
configure:4093: checking for C compiler default output file name
configure:4095: result: a.out
configure:4101: checking for suffix of executables
configure:4108: gcc -o conftest    conftest.c  >&5
configure:4112: $? = 0
configure:4135: result: 
configure:4157: checking whether we are cross compiling
configure:4165: gcc -o conftest    conftest.c  >&5
configure:4169: $? = 0
configure:4176: ./conftest
configure:4180: $? = 0
configure:4195: result: no
configure:4200: checking for suffix of object files
configure:4223: gcc -c   conftest.c >&5
configure:4227: $? = 0
configure:4249: result: o
configure:4253: checking whether the compiler supports GNU C
configure:4273: gcc -c   conftest.c >&5
configure:4273: $? = 0
configure:4283: result: yes
configure:4294: checking whether gcc accepts -g
configure:4315: gcc -c -g  conftest.c >&5
configure:4315: $? = 0
configure:4359: result: yes
configure:4379: checking for gcc option to enable C11 features
configure:4394: gcc  -c -g -O2  conftest.c >&5
conftest.c: In function 'e':
conftest.c:28:14: warning: old-style function definition [-Wold-style-definition]
   28 | static char *e (p, i)
      |              ^
configure:4394: $? = 0
configure:4412: result: none needed
configure:4525: checking whether gcc accepts -Wall
configure:4543: gcc -c -g -O2 -Wall -Werror  conftest.c >&5
configure:4543: $? = 0
configure:4556: result: yes
configure:4525: checking whether gcc accepts -Wmissing-prototypes
configure:4543: gcc -c -g -O2 -Wmissing-prototypes -Werror  conftest.c >&5
configure:4543: $? = 0
configure:4556: result: yes
configure:4525: checking whether gcc accepts -Wstrict-prototypes
configure:4543: gcc -c -g -O2 -Wstrict-prototypes -Werror  conftest.c >&5
configure:4543: $? = 0
configure:4556: result: yes
configure:4525: checking whether gcc accepts -Wshadow
configure:4543: gcc -c -g -O2 -Wshadow -Werror  conftest.c >&5
configure:4543: $? = 0
configure:4556: result: yes
configure:4525: checking whether gcc accepts -Wsign-compare
configure:4543: gcc -c -g -O2 -Wsign-compare -Werror  conftest.c >&5
configure:4543: $? = 0
configure:4556: result: yes
configure:4525: checking whether gcc accepts -Wtruncate
configure:4543: gcc -c -g -O2 -Wtruncate -Werror  conftest.c >&5
gcc: error: unrecognized command-line option '-Wtruncate'; did you mean '-truncate'?
configure:4543: $? = 1
configure: failed program was:
| /* confdefs.h */
| #define PACKAGE_NAME "Portable C Compiler"
| #define PACKAGE_TARNAME "pcc"
| #define PACKAGE_VERSION "1.2.0.DEVEL"
| #define PACKAGE_STRING "Portable C Compiler 1.2.0.DEVEL"
| #define PACKAGE_BUGREPORT "pcc@lists.ludd.ltu.se"
| #define PACKAGE_URL "http://pcc.ludd.ltu.se/"
| #define TARGET_LITTLE_ENDIAN 1
| #define ELFABI 1
| #define STABS 1
| #define WCHAR_TYPE INT
| #define WCHAR_SIZE 4
| /* end confdefs.h.  */
| 
| 
| int
| main (void)
| {
| 
|   ;
|   return 0;
| }
| 
configure:4556: result: no
configure:4564: checking for a C compiler for mkext
configure:4617: result: not cross compiling
configure:4627: checking for stdio.h
configure:4627: gcc -c -g -O2  conftest.c >&5
configure:4627: $? = 0
configure:4627: result: yes
configure:4627: checking for stdlib.h
configure:4627: gcc -c -g -O2  conftest.c >&5
configure:4627: $? = 0
configure:4627: result: yes
configure:4627: checking for string.h
configure:4627: gcc -c -g -O2  conftest.c >&5
configure:4627: $? = 0
configure:4627: result: yes
configure:4627: checking for inttypes.h
configure:4627: gcc -c -g -O2  conftest.c >&5
configure:4627: $? = 0
configure:4627: result: yes
configure:4627: checking for stdint.h
configure:4627: gcc -c -g -O2  conftest.c >&5
configure:4627: $? = 0
configure:4627: result: yes
configure:4627: checking for strings.h
configure:4627: gcc -c -g -O2  conftest.c >&5
configure:4627: $? = 0
configure:4627: result: yes
configure:4627: checking for sys/stat.h
configure:4627: gcc -c -g -O2  conftest.c >&5
configure:4627: $? = 0
configure:4627: result: yes
configure:4627: checking for sys/types.h
configure:4627: gcc -c -g -O2  conftest.c >&5
configure:4627: $? = 0
configure:4627: result: yes
configure:4627: checking for unistd.h
configure:4627: gcc -c -g -O2  conftest.c >&5
configure:4627: $? = 0
configure:4627: result: yes
configure:4652: checking for C99 printf size specifiers
configure:4681: gcc -o conftest -g -O2   conftest.c  >&5
configure:4681: $? = 0
configure:4681: ./conftest
configure:4681: $? = 0
configure:4693: result: yes
configure:4705: checking size of int *
configure:4711: gcc -o conftest -g -O2   conftest.c  >&5
configure:4711: $? = 0
configure:4711: ./conftest
configure:4711: $? = 0
configure:4726: result: 8
configure:4736: checking whether byte ordering is bigendian
configure:4752: gcc -c -g -O2  conftest.c >&5
conftest.c:27:16: error: unknown type name 'not'
   27 |                not a universal capable compiler
      |                ^~~
conftest.c:27:22: error: expected '=', ',', ';', 'asm' or '__attribute__' before 'universal'
   27 |                not a universal capable compiler
      |                      ^~~~~~~~~
conftest.c:27:22: error: unknown type name 'universal'
configure:4752: $? = 1
configure: failed program was:
| /* confdefs.h */
| #define PACKAGE_NAME "Portable C Compiler"
| #define PACKAGE_TARNAME "pcc"
| #define PACKAGE_VERSION "1.2.0.DEVEL"
| #define PACKAGE_STRING "Portable C Compiler 1.2.0.DEVEL"
| #define PACKAGE_BUGREPORT "pcc@lists.ludd.ltu.se"
| #define PACKAGE_URL "http://pcc.ludd.ltu.se/"
| #define TARGET_LITTLE_ENDIAN 1
| #define ELFABI 1
| #define STABS 1
| #define WCHAR_TYPE INT
| #define WCHAR_SIZE 4
| #define HAVE_STDIO_H 1
| #define HAVE_STDLIB_H 1
| #define HAVE_STRING_H 1
| #define HAVE_INTTYPES_H 1
| #define HAVE_STDINT_H 1
| #define HAVE_STRINGS_H 1
| #define HAVE_SYS_STAT_H 1
| #define HAVE_SYS_TYPES_H 1
| #define HAVE_UNISTD_H 1
| #define STDC_HEADERS 1
| #define HAVE_C99_FORMAT 1
| #define SIZEOF_INT_P 8
| /* end confdefs.h.  */
| #ifndef __APPLE_CC__
| 	       not a universal capable compiler
| 	     #endif
| 	     typedef int dummy;
| 
configure:4798: gcc -c -g -O2  conftest.c >&5
configure:4798: $? = 0
configure:4817: gcc -c -g -O2  conftest.c >&5
conftest.c: In function 'main':
conftest.c:33:18: error: unknown type name 'not'; did you mean 'ino_t'?
   33 |                  not big endian
      |                  ^~~
      |                  ino_t
conftest.c:33:26: error: expected '=', ',', ';', 'asm' or '__attribute__' before 'endian'
   33 |                  not big endian
      |                          ^~~~~~
configure:4817: $? = 1
configure: failed program was:
| /* confdefs.h */
| #define PACKAGE_NAME "Portable C Compiler"
| #define PACKAGE_TARNAME "pcc"
| #define PACKAGE_VERSION "1.2.0.DEVEL"
| #define PACKAGE_STRING "Portable C Compiler 1.2.0.DEVEL"
| #define PACKAGE_BUGREPORT "pcc@lists.ludd.ltu.se"
| #define PACKAGE_URL "http://pcc.ludd.ltu.se/"
| #define TARGET_LITTLE_ENDIAN 1
| #define ELFABI 1
| #define STABS 1
| #define WCHAR_TYPE INT
| #define WCHAR_SIZE 4
| #define HAVE_STDIO_H 1
| #define HAVE_STDLIB_H 1
| #define HAVE_STRING_H 1
| #define HAVE_INTTYPES_H 1
| #define HAVE_STDINT_H 1
| #define HAVE_STRINGS_H 1
| #define HAVE_SYS_STAT_H 1
| #define HAVE_SYS_TYPES_H 1
| #define HAVE_UNISTD_H 1
| #define STDC_HEADERS 1
| #define HAVE_C99_FORMAT 1
| #define SIZEOF_INT_P 8
| /* end confdefs.h.  */
| #include <sys/types.h>
| 		#include <sys/param.h>
| 
| int
| main (void)
| {
| #if BYTE_ORDER != BIG_ENDIAN
| 		 not big endian
| 		#endif
| 
|   ;
|   return 0;
| }
configure:4951: result: no
configure:4974: checking whether make sets $(MAKE)
configure:4997: result: yes
configure:5021: checking for a BSD-compatible install
configure:5094: result: /usr/bin/install -c
configure:5109: checking for bison
configure:5130: found /usr/bin/bison
configure:5141: result: bison -y
configure:5157: checking for flex
configure:5178: found /usr/bin/flex
configure:5189: result: flex
configure:5238: checking for lex output file root
configure:5251: flex conftest.l
configure:5255: $? = 0
configure:5263: result: lex.yy
configure:5278: checking for lex library
configure:5303: gcc -o conftest -g -O2   conftest.c  >&5
configure:5303: $? = 0
configure:5316: result: none needed
configure:5331: checking for library containing yywrap
configure:5361: gcc -o conftest -g -O2   conftest.c  >&5
/usr/bin/ld: /tmp/ccqBgtTD.o: in function `main':
/home/rahul/pcc-new/conftest.c:35:(.text.startup+0x5): undefined reference to `yywrap'
collect2: error: ld returned 1 exit status
configure:5361: $? = 1
configure: failed program was:
| /* confdefs.h */
| #define PACKAGE_NAME "Portable C Compiler"
| #define PACKAGE_TARNAME "pcc"
| #define PACKAGE_VERSION "1.2.0.DEVEL"
| #define PACKAGE_STRING "Portable C Compiler 1.2.0.DEVEL"
| #define PACKAGE_BUGREPORT "pcc@lists.ludd.ltu.se"
| #define PACKAGE_URL "http://pcc.ludd.ltu.se/"
| #define TARGET_LITTLE_ENDIAN 1
| #define ELFABI 1
| #define STABS 1
| #define WCHAR_TYPE INT
| #define WCHAR_SIZE 4
| #define HAVE_STDIO_H 1
| #define HAVE_STDLIB_H 1
| #define HAVE_STRING_H 1
| #define HAVE_INTTYPES_H 1
| #define HAVE_STDINT_H 1
| #define HAVE_STRINGS_H 1
| #define HAVE_SYS_STAT_H 1
| #define HAVE_SYS_TYPES_H 1
| #define HAVE_UNISTD_H 1
| #define STDC_HEADERS 1
| #define HAVE_C99_FORMAT 1
| #define SIZEOF_INT_P 8
| #define HOST_LITTLE_ENDIAN 1
| /* end confdefs.h.  */
| 
| /* Override any GCC internal prototype to avoid an error.
|    Use char because int might match the return type of a GCC
|    builtin and then its argument prototype would still apply.  */
| char yywrap ();
| int
| main (void)
| {
| return yywrap ();
|   ;
|   return 0;
| }
configure:5361: gcc -o conftest -g -O2   conftest.c -lfl   >&5
/usr/bin/ld: cannot find -lfl: No such file or directory
collect2: error: ld returned 1 exit status
configure:5361: $? = 1
configure: failed program was:
| /* confdefs.h */
| #define PACKAGE_NAME "Portable C Compiler"
| #define PACKAGE_TARNAME "pcc"
| #define PACKAGE_VERSION "1.2.0.DEVEL"
| #define PACKAGE_STRING "Portable C Compiler 1.2.0.DEVEL"
| #define PACKAGE_BUGREPORT "pcc@lists.ludd.ltu.se"
| #define PACKAGE_URL "http://pcc.ludd.ltu.se/"
| #define TARGET_LITTLE_ENDIAN 1
| #define ELFABI 1
| #define STABS 1
| #define WCHAR_TYPE INT
| #define WCHAR_SIZE 4
| #define HAVE_STDIO_H 1
| #define HAVE_STDLIB_H 1
| #define HAVE_STRING_H 1
| #define HAVE_INTTYPES_H 1
| #define HAVE_STDINT_H 1
| #define HAVE_STRINGS_H 1
| #define HAVE_SYS_STAT_H 1
| #define HAVE_SYS_TYPES_H 1
| #define HAVE_UNISTD_H 1
| #define STDC_HEADERS 1
| #define HAVE_C99_FORMAT 1
| #define SIZEOF_INT_P 8
| #define HOST_LITTLE_ENDIAN 1
| /* end confdefs.h.  */
| 
| /* Override any GCC internal prototype to avoid an error.
|    Use char because int might match the return type of a GCC
|    builtin and then its argument prototype would still apply.  */
| char yywrap ();
| int
| main (void)
| {
| return yywrap ();
|   ;
|   return 0;
| }
configure:5361: gcc -o conftest -g -O2   conftest.c -ll   >&5
/usr/bin/ld: cannot find -ll: No such file or directory
collect2: error: ld returned 1 exit status
configure:5361: $? = 1
configure: failed program was:
| /* confdefs.h */
| #define PACKAGE_NAME "Portable C Compiler"
| #define PACKAGE_TARNAME "pcc"
| #define PACKAGE_VERSION "1.2.0.DEVEL"
| #define PACKAGE_STRING "Portable C Compiler 1.2.0.DEVEL"
| #define PACKAGE_BUGREPORT "pcc@lists.ludd.ltu.se"
| #define PACKAGE_URL "http://pcc.ludd.ltu.se/"
| #define TARGET_LITTLE_ENDIAN 1
| #define ELFABI 1
| #define STABS 1
| #define WCHAR_TYPE INT
| #define WCHAR_SIZE 4
| #define HAVE_STDIO_H 1
| #define HAVE_STDLIB_H 1
| #define HAVE_STRING_H 1
| #define HAVE_INTTYPES_H 1
| #define HAVE_STDINT_H 1
| #define HAVE_STRINGS_H 1
| #define HAVE_SYS_STAT_H 1
| #define HAVE_SYS_TYPES_H 1
| #define HAVE_UNISTD_H 1
| #define STDC_HEADERS 1
| #define HAVE_C99_FORMAT 1
| #define SIZEOF_INT_P 8
| #define HOST_LITTLE_ENDIAN 1
| /* end confdefs.h.  */
| 
| /* Override any GCC internal prototype to avoid an error.
|    Use char because int might match the return type of a GCC
|    builtin and then its argument prototype would still apply.  */
| char yywrap ();
| int
| main (void)
| {
| return yywrap ();
|   ;
|   return 0;
| }
configure:5381: result: no
configure:5397: checking whether yytext is a pointer
configure:5413: gcc -c -g -O2  conftest.c >&5
configure:5413: $? = 0
configure:5420: result: yes
configure:5446: checking for string.h
configure:5446: result: yes
configure:5453: checking for sys/wait.h that is POSIX.1 compatible
configure:5480: gcc -c -g -O2  conftest.c >&5
configure:5480: $? = 0
configure:5488: result: yes
configure:5501: checking for strtold
configure:5501: gcc -o conftest -g -O2   conftest.c  >&5
configure:5501: $? = 0
configure:5501: result: yes
configure:5507: checking for vsnprintf
configure:5507: gcc -o conftest -g -O2   conftest.c  >&5
conftest.c:47:6: warning: conflicting types for built-in function 'vsnprintf'; expected 'int(char *, long unsigned int,  const char *, __va_list_tag *)' [-Wbuiltin-declaration-mismatch]
   47 | char vsnprintf ();
      |      ^~~~~~~~~
conftest.c:39:1: note: 'vsnprintf' is declared in header '<stdio.h>'
   38 | #include <limits.h>
   39 | #undef vsnprintf
configure:5507: $? = 0
configure:5507: result: yes
configure:5513: checking for snprintf
configure:5513: gcc -o conftest -g -O2   conftest.c  >&5
conftest.c:48:6: warning: conflicting types for built-in function 'snprintf'; expected 'int(char *, long unsigned int,  const char *, ...)' [-Wbuiltin-declaration-mismatch]
   48 | char snprintf ();
      |      ^~~~~~~~
conftest.c:40:1: note: 'snprintf' is declared in header '<stdio.h>'
   39 | #include <limits.h>
   40 | #undef snprintf
configure:5513: $? = 0
configure:5513: result: yes
configure:5519: checking for mkstemp
configure:5519: gcc -o conftest -g -O2   conftest.c  >&5
configure:5519: $? = 0
configure:5519: result: yes
configure:5525: checking for strlcat
configure:5525: gcc -o conftest -g -O2   conftest.c  >&5
configure:5525: $? = 0
configure:5525: result: yes
configure:5531: checking for strlcpy
configure:5531: gcc -o conftest -g -O2   conftest.c  >&5
configure:5531: $? = 0
configure:5531: result: yes
configure:5537: checking for getopt
configure:5537: gcc -o conftest -g -O2   conftest.c  >&5
configure:5537: $? = 0
configure:5537: result: yes
configure:5543: checking for ffs
configure:5543: gcc -o conftest -g -O2   conftest.c  >&5
conftest.c:53:6: warning: conflicting types for built-in function 'ffs'; expected 'int(int)' [-Wbuiltin-declaration-mismatch]
   53 | char ffs ();
      |      ^~~
configure:5543: $? = 0
configure:5543: result: yes
configure:5549: checking for vfork
configure:5549: gcc -o conftest -g -O2   conftest.c  >&5
configure:5549: $? = 0
configure:5549: result: yes
configure:5556: checking for size_t
configure:5556: gcc -c -g -O2  conftest.c >&5
configure:5556: $? = 0
configure:5556: gcc -c -g -O2  conftest.c >&5
conftest.c: In function 'main':
conftest.c:70:21: error: expected expression before ')' token
   70 | if (sizeof ((size_t)))
      |                     ^
configure:5556: $? = 1
configure: failed program was:
| /* confdefs.h */
| #define PACKAGE_NAME "Portable C Compiler"
| #define PACKAGE_TARNAME "pcc"
| #define PACKAGE_VERSION "1.2.0.DEVEL"
| #define PACKAGE_STRING "Portable C Compiler 1.2.0.DEVEL"
| #define PACKAGE_BUGREPORT "pcc@lists.ludd.ltu.se"
| #define PACKAGE_URL "http://pcc.ludd.ltu.se/"
| #define TARGET_LITTLE_ENDIAN 1
| #define ELFABI 1
| #define STABS 1
| #define WCHAR_TYPE INT
| #define WCHAR_SIZE 4
| #define HAVE_STDIO_H 1
| #define HAVE_STDLIB_H 1
| #define HAVE_STRING_H 1
| #define HAVE_INTTYPES_H 1
| #define HAVE_STDINT_H 1
| #define HAVE_STRINGS_H 1
| #define HAVE_SYS_STAT_H 1
| #define HAVE_SYS_TYPES_H 1
| #define HAVE_UNISTD_H 1
| #define STDC_HEADERS 1
| #define HAVE_C99_FORMAT 1
| #define SIZEOF_INT_P 8
| #define HOST_LITTLE_ENDIAN 1
| #define YYTEXT_POINTER 1
| #define HAVE_STRING_H 1
| #define HAVE_SYS_WAIT_H 1
| #define HAVE_STRTOLD 1
| #define HAVE_VSNPRINTF 1
| #define HAVE_SNPRINTF 1
| #define HAVE_MKSTEMP 1
| #define HAVE_STRLCAT 1
| #define HAVE_STRLCPY 1
| #define HAVE_GETOPT 1
| #define HAVE_FFS 1
| #define HAVE_VFORK 1
| /* end confdefs.h.  */
| #include <stddef.h>
| #ifdef HAVE_STDIO_H
| # include <stdio.h>
| #endif
| #ifdef HAVE_STDLIB_H
| # include <stdlib.h>
| #endif
| #ifdef HAVE_STRING_H
| # include <string.h>
| #endif
| #ifdef HAVE_INTTYPES_H
| # include <inttypes.h>
| #endif
| #ifdef HAVE_STDINT_H
| # include <stdint.h>
| #endif
| #ifdef HAVE_STRINGS_H
| # include <strings.h>
| #endif
| #ifdef HAVE_SYS_TYPES_H
| # include <sys/types.h>
| #endif
| #ifdef HAVE_SYS_STAT_H
| # include <sys/stat.h>
| #endif
| #ifdef HAVE_UNISTD_H
| # include <unistd.h>
| #endif
| int
| main (void)
| {
| if (sizeof ((size_t)))
| 	    return 0;
|   ;
|   return 0;
| }
configure:5556: result: yes
configure:5568: checking for working alloca.h
configure:5586: gcc -o conftest -g -O2   conftest.c  >&5
configure:5586: $? = 0
configure:5595: result: yes
configure:5603: checking for alloca
configure:5648: result: yes
configure:5868: creating ./config.status

## ---------------------- ##
## Running config.status. ##
## ---------------------- ##

This file was extended by Portable C Compiler config.status 1.2.0.DEVEL, which was
generated by GNU Autoconf 2.71.  Invocation command line was

  CONFIG_FILES    = 
  CONFIG_HEADERS  = 
  CONFIG_LINKS    = 
  CONFIG_COMMANDS = 
  $ ./config.status 

on fedora

config.status:860: creating Makefile
config.status:860: creating cc/Makefile
config.status:860: creating cc/cc/Makefile
config.status:860: creating cc/cpp/Makefile
config.status:860: creating cc/ccom/Makefile
config.status:860: creating cc/cxxcom/Makefile
config.status:860: creating cc/driver/Makefile
config.status:860: creating f77/Makefile
config.status:860: creating f77/f77/Makefile
config.status:860: creating f77/fcom/Makefile
config.status:860: creating config.h
config.status:1035: config.h is unchanged

## ---------------- ##
## Cache variables. ##
## ---------------- ##

ac_cv_build=x86_64-pc-linux-gnu
ac_cv_c_bigendian=no
ac_cv_c_compiler_gnu=yes
ac_cv_env_CC_set=
ac_cv_env_CC_value=
ac_cv_env_CFLAGS_set=
ac_cv_env_CFLAGS_value=
ac_cv_env_CPPFLAGS_set=
ac_cv_env_CPPFLAGS_value=
ac_cv_env_LDFLAGS_set=
ac_cv_env_LDFLAGS_value=
ac_cv_env_LIBS_set=
ac_cv_env_LIBS_value=
ac_cv_env_YACC_set=
ac_cv_env_YACC_value=
ac_cv_env_YFLAGS_set=
ac_cv_env_YFLAGS_value=
ac_cv_env_build_alias_set=
ac_cv_env_build_alias_value=
ac_cv_env_host_alias_set=
ac_cv_env_host_alias_value=
ac_cv_env_target_alias_set=
ac_cv_env_target_alias_value=
ac_cv_func_alloca_works=yes
ac_cv_func_ffs=yes
ac_cv_func_getopt=yes
ac_cv_func_mkstemp=yes
ac_cv_func_snprintf=yes
ac_cv_func_strlcat=yes
ac_cv_func_strlcpy=yes
ac_cv_func_strtold=yes
ac_cv_func_vfork=yes
ac_cv_func_vsnprintf=yes
ac_cv_have_c99_format=yes
ac_cv_header_inttypes_h=yes
ac_cv_header_stdint_h=yes
ac_cv_header_stdio_h=yes
ac_cv_header_stdlib_h=yes
ac_cv_header_string_h=yes
ac_cv_header_strings_h=yes
ac_cv_header_sys_stat_h=yes
ac_cv_header_sys_types_h=yes
ac_cv_header_sys_wait_h=yes
ac_cv_header_unistd_h=yes
ac_cv_host=x86_64-pc-linux-gnu
ac_cv_lib_lex='none needed'
ac_cv_objext=o
ac_cv_path_install='/usr/bin/install -c'
ac_cv_prog_LEX=flex
ac_cv_prog_YACC='bison -y'
ac_cv_prog_ac_ct_CC=gcc
ac_cv_prog_cc_c11=
ac_cv_prog_cc_g=yes
ac_cv_prog_cc_stdc=
ac_cv_prog_lex_root=lex.yy
ac_cv_prog_lex_yytext_pointer=yes
ac_cv_prog_make_make_set=yes
ac_cv_search_yywrap=no
ac_cv_sizeof_int_p=8
ac_cv_target=x86_64-pc-linux-gnu
ac_cv_type_size_t=yes
ac_cv_working_alloca_h=yes

## ----------------- ##
## Output variables. ##
## ----------------- ##

ADD_CFLAGS=' -Wall -Wmissing-prototypes -Wstrict-prototypes -Wshadow -Wsign-compare'
ADD_CPPFLAGS=' -D_DEFAULT_SOURCE -DGCC_COMPAT -DPCC_DEBUG'
ALLOCA=''
BINPREFIX=''
CC='gcc'
CCNAMES='$(BINPREFIX)ccom$(EXEEXT)'
CC_FOR_BUILD='gcc'
CF0=''
CF1=''
CFLAGS='-g -O2'
CPPFLAGS=''
DEFS='-DHAVE_CONFIG_H'
ECHO_C=''
ECHO_N='-n'
ECHO_T=''
EXEEXT=''
INSTALL_DATA='${INSTALL} -m 644'
INSTALL_PROGRAM='${INSTALL} -s'
INSTALL_SCRIPT='${INSTALL}'
LDFLAGS=''
LEX='flex'
LEXLIB=''
LEX_OUTPUT_ROOT='lex.yy'
LIBOBJS=''
LIBS=''
LTLIBOBJS=''
OBJEXT='o'
PACKAGE_BUGREPORT='pcc@lists.ludd.ltu.se'
PACKAGE_NAME='Portable C Compiler'
PACKAGE_STRING='Portable C Compiler 1.2.0.DEVEL'
PACKAGE_TARNAME='pcc'
PACKAGE_URL='http://pcc.ludd.ltu.se/'
PACKAGE_VERSION='1.2.0.DEVEL'
PATH_SEPARATOR=':'
SET_MAKE=''
SHELL='/bin/sh'
YACC='bison -y'
YFLAGS=''
ac_ct_CC='gcc'
bindir='/usr/local/bin'
build='x86_64-pc-linux-gnu'
build_alias=''
build_cpu='x86_64'
build_os='linux-gnu'
build_vendor='pc'
datadir='${datarootdir}'
datarootdir='${prefix}/share'
docdir='${datarootdir}/doc/${PACKAGE_TARNAME}'
dvidir='${docdir}'
exec_prefix='/usr/local'
host='x86_64-pc-linux-gnu'
host_alias=''
host_cpu='x86_64'
host_os='linux-gnu'
host_vendor='pc'
hostos='linux'
htmldir='${docdir}'
includedir='${prefix}/include'
infodir='${datarootdir}/info'
libdir='${exec_prefix}/lib'
libexecdir='/usr/local/libexec'
localedir='${datarootdir}/locale'
localstatedir='${prefix}/var'
mandir='${datarootdir}/man'
oldincludedir='/usr/include'
pdfdir='${docdir}'
prefix='/usr/local'
program_transform_name='s,x,x,'
psdir='${docdir}'
runstatedir='${localstatedir}/run'
sbindir='${exec_prefix}/sbin'
sharedstatedir='${prefix}/com'
sysconfdir='${prefix}/etc'
target='x86_64-pc-linux-gnu'
target_alias=''
target_cpu='x86_64'
target_os='linux-gnu'
target_vendor='pc'
targmach='amd64'
targmachdir='amd64'
targos='linux'
targosver='0'

## ----------- ##
## confdefs.h. ##
## ----------- ##

/* confdefs.h */
#define PACKAGE_NAME "Portable C Compiler"
#define PACKAGE_TARNAME "pcc"
#define PACKAGE_VERSION "1.2.0.DEVEL"
#define PACKAGE_STRING "Portable C Compiler 1.2.0.DEVEL"
#define PACKAGE_BUGREPORT "pcc@lists.ludd.ltu.se"
#define PACKAGE_URL "http://pcc.ludd.ltu.se/"
#define TARGET_LITTLE_ENDIAN 1
#define ELFABI 1
#define STABS 1
#define WCHAR_TYPE INT
#define WCHAR_SIZE 4
#define HAVE_STDIO_H 1
#define HAVE_STDLIB_H 1
#define HAVE_STRING_H 1
#define HAVE_INTTYPES_H 1
#define HAVE_STDINT_H 1
#define HAVE_STRINGS_H 1
#define HAVE_SYS_STAT_H 1
#define HAVE_SYS_TYPES_H 1
#define HAVE_UNISTD_H 1
#define STDC_HEADERS 1
#define HAVE_C99_FORMAT 1
#define SIZEOF_INT_P 8
#define HOST_LITTLE_ENDIAN 1
#define YYTEXT_POINTER 1
#define HAVE_STRING_H 1
#define HAVE_SYS_WAIT_H 1
#define HAVE_STRTOLD 1
#define HAVE_VSNPRINTF 1
#define HAVE_SNPRINTF 1
#define HAVE_MKSTEMP 1
#define HAVE_STRLCAT 1
#define HAVE_STRLCPY 1
#define HAVE_GETOPT 1
#define HAVE_FFS 1
#define HAVE_VFORK 1
#define HAVE_ALLOCA_H 1
#define HAVE_ALLOCA 1
#define PCC_MAJOR 1
#define PCC_MINOR 2
#define PCC_MINORMINOR 0
#define VERSSTR "Portable C Compiler 1.2.0.DEVEL 20230724 for x86_64-pc-linux-gnu"
#define TARGSTR "x86_64-pc-linux-gnu"

configure: exit 0
